boot ok (F411)
reset=software
MSP=0x2001ff88 PSP=0x00000000 VTOR=0x00000000
VEC PendSV=0x08008101 SysTick=0x08000201
cpu=84000000Hz
app tasks created: rx=1 cmd=2 tx=3 health=4, start_first_task()
PONG
soak
health: uptime=5005ms reset=software wd=true feeds=20 live=5 hb=4 stale=0 stack_warn=0 rx=17 tx=76 rxov=0 txov=0 rxerr=0 line_drop=0 cmd_drop=0
OK
OK
STAT uptime=8665ms reset=software wd=true feeds=34 live=5 hb=4 stale=0 stack_warn=0 rx=43 tx=229 rxov=0 txov=0 rxerr=0 rx_pending=0 tx_pending=0 line_drop=0 cmd_drop=0 queue=0
TASK pid=0 state=Running prio=7/7 runtime=8646 stack_used=18/128w stack_free_low=110w hb=false age=8665 timeout=0 stale=false warn=false
TASK pid=1 state=Blocked prio=1/1 runtime=0 stack_used=46/512w stack_free_low=466w hb=true age=0 timeout=1000 stale=false warn=false
TASK pid=2 state=Running prio=2/2 runtime=1 stack_used=192/768w stack_free_low=576w hb=true age=146 timeout=1000 stale=false warn=false
TASK pid=3 state=Ready prio=3/3 runtime=18 stack_used=32/384w stack_free_low=352w hb=true age=146 timeout=1000 stale=false warn=false
TASK pid=4 state=Sleeping prio=4/4 runtime=0 stack_used=196/384w stack_free_low=188w hb=true age=148 timeout=1000 stale=false warn=false
health: uptime=10018ms reset=software wd=true feeds=40 live=5 hb=4 stale=0 stack_warn=0 rx=43 tx=1088 rxov=0 txov=0 rxerr=0 line_drop=0 cmd_drop=0
PONG
soak
OK
OK
health: uptime=15032ms reset=software wd=true feeds=60 live=5 hb=4 stale=0 stack_warn=0 rx=80 tx=1256 rxov=0 txov=0 rxerr=0 line_drop=0 cmd_drop=0
STAT uptime=15572ms reset=software wd=true feeds=62 live=5 hb=4 stale=0 stack_warn=0 rx=86 tx=1404 rxov=0 txov=0 rxerr=0 rx_pending=0 tx_pending=0 line_drop=0 cmd_drop=0 queue=0
TASK pid=0 state=Running prio=7/7 runtime=15446 stack_used=18/128w stack_free_low=110w hb=false age=15573 timeout=0 stale=false warn=false
TASK pid=1 state=Blocked prio=1/1 runtime=1 stack_used=46/512w stack_free_low=466w hb=true age=1 timeout=1000 stale=false warn=false
TASK pid=2 state=Running prio=2/2 runtime=3 stack_used=192/768w stack_free_low=576w hb=true age=7 timeout=1000 stale=false warn=false
TASK pid=3 state=Ready prio=3/3 runtime=123 stack_used=32/384w stack_free_low=352w hb=true age=127 timeout=1000 stale=false warn=false
TASK pid=4 state=Sleeping prio=4/4 runtime=0 stack_used=196/384w stack_free_low=188w hb=true age=27 timeout=1000 stale=false warn=false
PONG
soak
OK
health: uptime=20046ms reset=software wd=true feeds=80 live=5 hb=4 stale=0 stack_warn=0 rx=115 tx=2281 rxov=0 txov=0 rxerr=0 line_drop=0 cmd_drop=0
OK
STAT uptime=22551ms reset=software wd=true feeds=89 live=5 hb=4 stale=0 stack_warn=0 rx=129 tx=2434 rxov=0 txov=0 rxerr=0 rx_pending=0 tx_pending=0 line_drop=0 cmd_drop=0 queue=0
TASK pid=0 state=Running prio=7/7 runtime=22332 stack_used=18/128w stack_free_low=110w hb=false age=22551 timeout=0 stale=false warn=false
TASK pid=1 state=Blocked prio=1/1 runtime=1 stack_used=46/512w stack_free_low=466w hb=true age=1 timeout=1000 stale=false warn=false
TASK pid=2 state=Running prio=2/2 runtime=4 stack_used=192/768w stack_free_low=576w hb=true age=142 timeout=1000 stale=false warn=false
TASK pid=3 state=Ready prio=3/3 runtime=213 stack_used=32/384w stack_free_low=352w hb=true age=141 timeout=1000 stale=false warn=false
TASK pid=4 state=Sleeping prio=4/4 runtime=1 stack_used=196/384w stack_free_low=188w hb=true age=241 timeout=1000 stale=false warn=false
PONG
health: uptime=25127ms reset=software wd=true feeds=100 live=5 hb=4 stale=0 stack_warn=0 rx=135 tx=3305 rxov=0 txov=0 rxerr=0 line_drop=0 cmd_drop=0
soak
OK
OK
STAT uptime=29511ms reset=software wd=true feeds=117 live=5 hb=4 stale=0 stack_warn=0 rx=172 tx=3469 rxov=0 txov=0 rxerr=0 rx_pending=0 tx_pending=0 line_drop=0 cmd_drop=0 queue=0
TASK pid=0 state=Running prio=7/7 runtime=29198 stack_used=18/128w stack_free_low=110w hb=false age=29511 timeout=0 stale=false warn=false
TASK pid=1 state=Blocked prio=1/1 runtime=1 stack_used=46/512w stack_free_low=466w hb=true age=1 timeout=1000 stale=false warn=false
TASK pid=2 state=Running prio=2/2 runtime=6 stack_used=192/768w stack_free_low=576w hb=true age=152 timeout=1000 stale=false warn=false
TASK pid=3 state=Ready prio=3/3 runtime=303 stack_used=32/384w stack_free_low=352w hb=true age=151 timeout=1000 stale=false warn=false
TASK pid=4 state=Sleeping prio=4/4 runtime=3 stack_used=196/384w stack_free_low=188w hb=true age=120 timeout=1000 stale=false warn=false
health: uptime=30141ms reset=software wd=true feeds=120 live=5 hb=4 stale=0 stack_warn=0 rx=172 tx=4335 rxov=0 txov=0 rxerr=0 line_drop=0 cmd_drop=0
PONG
soak
OK
OK
health: uptime=35155ms reset=software wd=true feeds=140 live=5 hb=4 stale=0 stack_warn=0 rx=209 tx=4505 rxov=0 txov=0 rxerr=0 line_drop=0 cmd_drop=0
STAT uptime=36331ms reset=software wd=true feeds=144 live=5 hb=4 stale=0 stack_warn=0 rx=215 tx=4655 rxov=0 txov=0 rxerr=0 rx_pending=0 tx_pending=0 line_drop=0 cmd_drop=0 queue=0
TASK pid=0 state=Running prio=7/7 runtime=35911 stack_used=18/128w stack_free_low=110w hb=false age=36331 timeout=0 stale=false warn=false
TASK pid=1 state=Blocked prio=1/1 runtime=1 stack_used=46/512w stack_free_low=466w hb=true age=1 timeout=1000 stale=false warn=false
TASK pid=2 state=Running prio=2/2 runtime=7 stack_used=192/768w stack_free_low=576w hb=true age=180 timeout=1000 stale=false warn=false
TASK pid=3 state=Ready prio=3/3 runtime=405 stack_used=32/384w stack_free_low=352w hb=true age=162 timeout=1000 stale=false warn=false
TASK pid=4 state=Sleeping prio=4/4 runtime=7 stack_used=196/384w stack_free_low=188w hb=true age=162 timeout=1000 stale=false warn=false
PONG
soak
health: uptime=40169ms reset=software wd=true feeds=160 live=5 hb=4 stale=0 stack_warn=0 rx=232 tx=5533 rxov=0 txov=0 rxerr=0 line_drop=0 cmd_drop=0
OK
OK
STAT uptime=43192ms reset=software wd=true feeds=172 live=5 hb=4 stale=0 stack_warn=0 rx=258 tx=5691 rxov=0 txov=0 rxerr=0 rx_pending=0 tx_pending=0 line_drop=0 cmd_drop=0 queue=0
TASK pid=0 state=Running prio=7/7 runtime=42678 stack_used=18/128w stack_free_low=110w hb=false age=43192 timeout=0 stale=false warn=false
TASK pid=1 state=Blocked prio=1/1 runtime=4 stack_used=46/512w stack_free_low=466w hb=true age=0 timeout=1000 stale=false warn=false
TASK pid=2 state=Running prio=2/2 runtime=8 stack_used=194/768w stack_free_low=574w hb=true age=136 timeout=1000 stale=false warn=false
TASK pid=3 state=Ready prio=3/3 runtime=495 stack_used=32/384w stack_free_low=352w hb=true age=136 timeout=1000 stale=false warn=false
TASK pid=4 state=Sleeping prio=4/4 runtime=8 stack_used=196/384w stack_free_low=188w hb=true age=10 timeout=1000 stale=false warn=false
PONG
health: uptime=45183ms reset=software wd=true feeds=180 live=5 hb=4 stale=0 stack_warn=0 rx=264 tx=6562 rxov=0 txov=0 rxerr=0 line_drop=0 cmd_drop=0
soak
OK
OK
STAT uptime=50155ms reset=software wd=true feeds=199 live=5 hb=4 stale=0 stack_warn=0 rx=301 tx=6726 rxov=0 txov=0 rxerr=0 rx_pending=0 tx_pending=0 line_drop=0 cmd_drop=0 queue=0
TASK pid=0 state=Running prio=7/7 runtime=49548 stack_used=18/128w stack_free_low=110w hb=false age=50155 timeout=0 stale=false warn=false
TASK pid=1 state=Blocked prio=1/1 runtime=4 stack_used=46/512w stack_free_low=466w hb=true age=0 timeout=1000 stale=false warn=false
TASK pid=2 state=Running prio=2/2 runtime=8 stack_used=194/768w stack_free_low=574w hb=true age=161 timeout=1000 stale=false warn=false
TASK pid=3 state=Ready prio=3/3 runtime=585 stack_used=32/384w stack_free_low=352w hb=true age=160 timeout=1000 stale=false warn=false
TASK pid=4 state=Sleeping prio=4/4 runtime=10 stack_used=196/384w stack_free_low=188w hb=true age=209 timeout=1000 stale=false warn=false
health: uptime=50232ms reset=software wd=true feeds=200 live=5 hb=4 stale=0 stack_warn=0 rx=301 tx=7593 rxov=0 txov=0 rxerr=0 line_drop=0 cmd_drop=0
PONG
soak
OK
health: uptime=55246ms reset=software wd=true feeds=220 live=5 hb=4 stale=0 stack_warn=0 rx=330 tx=7759 rxov=0 txov=0 rxerr=0 line_drop=0 cmd_drop=0
OK
STAT uptime=57123ms reset=software wd=true feeds=227 live=5 hb=4 stale=0 stack_warn=0 rx=344 tx=7913 rxov=0 txov=0 rxerr=0 rx_pending=0 tx_pending=0 line_drop=0 cmd_drop=0 queue=0
TASK pid=0 state=Running prio=7/7 runtime=56409 stack_used=18/128w stack_free_low=110w hb=false age=57124 timeout=0 stale=false warn=false
TASK pid=1 state=Blocked prio=1/1 runtime=5 stack_used=46/512w stack_free_low=466w hb=true age=1 timeout=1000 stale=false warn=false
TASK pid=2 state=Running prio=2/2 runtime=10 stack_used=194/768w stack_free_low=574w hb=true age=148 timeout=1000 stale=false warn=false
TASK pid=3 state=Ready prio=3/3 runtime=686 stack_used=32/384w stack_free_low=352w hb=true age=148 timeout=1000 stale=false warn=false
TASK pid=4 state=Sleeping prio=4/4 runtime=14 stack_used=196/384w stack_free_low=188w hb=true age=114 timeout=1000 stale=false warn=false
PONG
soak
health: uptime=60260ms reset=software wd=true feeds=240 live=5 hb=4 stale=0 stack_warn=0 rx=361 tx=8793 rxov=0 txov=0 rxerr=0 line_drop=0 cmd_drop=0
OK
OK
STAT uptime=63886ms reset=software wd=true feeds=254 live=5 hb=4 stale=0 stack_warn=0 rx=387 tx=8951 rxov=0 txov=0 rxerr=0 rx_pending=0 tx_pending=0 line_drop=0 cmd_drop=0 queue=0
TASK pid=0 state=Running prio=7/7 runtime=63079 stack_used=18/128w stack_free_low=110w hb=false age=63886 timeout=0 stale=false warn=false
TASK pid=1 state=Blocked prio=1/1 runtime=6 stack_used=46/512w stack_free_low=466w hb=true age=1 timeout=1000 stale=false warn=false
TASK pid=2 state=Running prio=2/2 runtime=11 stack_used=194/768w stack_free_low=574w hb=true age=148 timeout=1000 stale=false warn=false
TASK pid=3 state=Ready prio=3/3 runtime=775 stack_used=32/384w stack_free_low=352w hb=true age=148 timeout=1000 stale=false warn=false
TASK pid=4 state=Sleeping prio=4/4 runtime=16 stack_used=196/384w stack_free_low=188w hb=true age=113 timeout=1000 stale=false warn=false
health: uptime=65274ms reset=software wd=true feeds=260 live=5 hb=4 stale=0 stack_warn=0 rx=387 tx=9819 rxov=0 txov=0 rxerr=0 line_drop=0 cmd_drop=0
