   Compiling proc-macro2 v1.0.103
   Compiling semver-parser v0.7.0
   Compiling unicode-ident v1.0.22
   Compiling quote v1.0.42
   Compiling cortex-m v0.7.7
   Compiling cortex-m-rt v0.7.5
   Compiling nb v1.1.0
   Compiling shlex v1.3.0
   Compiling vcell v0.1.3
   Compiling find-msvc-tools v0.1.5
   Compiling void v1.0.2
   Compiling critical-section v1.2.0
   Compiling stm32f1 v0.16.0
   Compiling bitfield v0.13.2
   Compiling gcd v2.3.0
   Compiling panic-halt v1.0.0
   Compiling nb v0.1.3
   Compiling volatile-register v0.2.2
   Compiling embedded-hal v1.0.0
   Compiling semver v0.9.0
   Compiling embedded-hal v0.2.7
   Compiling fugit v0.3.9
   Compiling rustc_version v0.2.3
   Compiling cc v1.2.49
   Compiling bare-metal v0.2.5
   Compiling CortexOS v0.1.0 (D:\Code\microOS\CortexOS)
   Compiling syn v2.0.111
   Compiling cortex-m-rt-macros v0.7.5
warning: unused import: `stm32f1::stm32f103 as _`
 --> src\uart_probe.rs:7:5
  |
7 | use stm32f1::stm32f103 as _;
  |     ^^^^^^^^^^^^^^^^^^^^^^^
  |
  = note: `#[warn(unused_imports)]` (part of `#[warn(unused)]`) on by default

warning: unreachable expression
  --> src\main.rs:83:9
   |
83 |         return uart_probe::run();
   |         ^^^^^^^-----------------
   |         |      |
   |         |      any code following this expression is unreachable
   |         unreachable expression
   |
   = note: `#[warn(unreachable_code)]` (part of `#[warn(unused)]`) on by default

warning: struct `AlignedStack` is never constructed
  --> src\main.rs:46:8
   |
46 | struct AlignedStack<const N: usize>([u32; N]);
   |        ^^^^^^^^^^^^
   |
   = note: `#[warn(dead_code)]` (part of `#[warn(unused)]`) on by default

warning: `CortexOS` (bin "CortexOS") generated 3 warnings (run `cargo fix --bin "CortexOS" -p CortexOS` to apply 1 suggestion)
    Finished `release` profile [optimized + debuginfo] target(s) in 22.31s
