boot ok (F411)
reset=software
MSP=0x2001ff88 PSP=0x00000000 VTOR=0x00000000
VEC PendSV=0x08008399 SysTick=0x08000201
cpu=84000000Hz
app tasks created: rx=1 cmd=2 tx=3 health=4, start_first_task()
PONG
soak
health: uptime=5005ms reset=software wd=true feeds=20 live=5 hb=4 stale=0 stack_warn=0 rx=17 tx=76 rxov=0 txov=0 rxerr=0 line_drop=0 cmd_drop=0
OK
OK
STAT uptime=8526ms reset=software wd=true feeds=34 live=5 hb=4 stale=0 stack_warn=0 rx=43 tx=229 rxov=0 txov=0 rxerr=0 rx_pending=0 tx_pending=0 line_drop=0 cmd_drop=0 queue=0
TASK pid=0 state=Running prio=7/7 runtime=8505 stack_used=18/128w stack_free_low=110w hb=false age=8526 timeout=0 stale=false warn=false
TASK pid=1 state=Blocked prio=1/1 runtime=0 stack_used=46/512w stack_free_low=466w hb=true age=0 timeout=1000 stale=false warn=false
TASK pid=2 state=Running prio=2/2 runtime=2 stack_used=290/768w stack_free_low=478w hb=true age=170 timeout=1000 stale=false warn=false
TASK pid=3 state=Ready prio=3/3 runtime=19 stack_used=32/384w stack_free_low=352w hb=true age=170 timeout=1000 stale=false warn=false
TASK pid=4 state=Sleeping prio=4/4 runtime=0 stack_used=252/384w stack_free_low=132w hb=true age=8 timeout=1000 stale=false warn=false
PONG
health: uptime=10018ms reset=software wd=true feeds=40 live=5 hb=4 stale=0 stack_warn=0 rx=49 tx=1092 rxov=0 txov=0 rxerr=0 line_drop=0 cmd_drop=0
soak
OK
OK
health: uptime=15031ms reset=software wd=true feeds=60 live=5 hb=4 stale=0 stack_warn=0 rx=80 tx=1254 rxov=0 txov=0 rxerr=0 line_drop=0 cmd_drop=0
STAT uptime=15583ms reset=software wd=true feeds=62 live=5 hb=4 stale=0 stack_warn=0 rx=86 tx=1402 rxov=0 txov=0 rxerr=0 rx_pending=0 tx_pending=0 line_drop=0 cmd_drop=0 queue=0
TASK pid=0 state=Running prio=7/7 runtime=15460 stack_used=18/128w stack_free_low=110w hb=false age=15584 timeout=0 stale=false warn=false
TASK pid=1 state=Blocked prio=1/1 runtime=0 stack_used=46/512w stack_free_low=466w hb=true age=1 timeout=1000 stale=false warn=false
TASK pid=2 state=Running prio=2/2 runtime=4 stack_used=290/768w stack_free_low=478w hb=true age=47 timeout=1000 stale=false warn=false
TASK pid=3 state=Ready prio=3/3 runtime=120 stack_used=32/384w stack_free_low=352w hb=true age=140 timeout=1000 stale=false warn=false
TASK pid=4 state=Sleeping prio=4/4 runtime=0 stack_used=252/384w stack_free_low=132w hb=true age=40 timeout=1000 stale=false warn=false
PONG
soak
OK
health: uptime=20044ms reset=software wd=true feeds=80 live=5 hb=4 stale=0 stack_warn=0 rx=115 tx=2280 rxov=0 txov=0 rxerr=0 line_drop=0 cmd_drop=0
OK
STAT uptime=22579ms reset=software wd=true feeds=90 live=5 hb=4 stale=0 stack_warn=0 rx=129 tx=2433 rxov=0 txov=0 rxerr=0 rx_pending=0 tx_pending=0 line_drop=0 cmd_drop=0 queue=0
TASK pid=0 state=Running prio=7/7 runtime=22363 stack_used=18/128w stack_free_low=110w hb=false age=22579 timeout=0 stale=false warn=false
TASK pid=1 state=Blocked prio=1/1 runtime=2 stack_used=46/512w stack_free_low=466w hb=true age=0 timeout=1000 stale=false warn=false
TASK pid=2 state=Running prio=2/2 runtime=4 stack_used=290/768w stack_free_low=478w hb=true age=138 timeout=1000 stale=false warn=false
TASK pid=3 state=Ready prio=3/3 runtime=210 stack_used=32/384w stack_free_low=352w hb=true age=138 timeout=1000 stale=false warn=false
TASK pid=4 state=Sleeping prio=4/4 runtime=0 stack_used=252/384w stack_free_low=132w hb=true age=23 timeout=1000 stale=false warn=false
PONG
health: uptime=25057ms reset=software wd=true feeds=100 live=5 hb=4 stale=0 stack_warn=0 rx=135 tx=3303 rxov=0 txov=0 rxerr=0 line_drop=0 cmd_drop=0
soak
OK
OK
STAT uptime=29474ms reset=software wd=true feeds=117 live=5 hb=4 stale=0 stack_warn=0 rx=172 tx=3467 rxov=0 txov=0 rxerr=0 rx_pending=0 tx_pending=0 line_drop=0 cmd_drop=0 queue=0
TASK pid=0 state=Running prio=7/7 runtime=29166 stack_used=18/128w stack_free_low=110w hb=false age=29474 timeout=0 stale=false warn=false
TASK pid=1 state=Blocked prio=1/1 runtime=3 stack_used=46/512w stack_free_low=466w hb=true age=1 timeout=1000 stale=false warn=false
TASK pid=2 state=Running prio=2/2 runtime=6 stack_used=290/768w stack_free_low=478w hb=true age=163 timeout=1000 stale=false warn=false
TASK pid=3 state=Ready prio=3/3 runtime=300 stack_used=32/384w stack_free_low=352w hb=true age=163 timeout=1000 stale=false warn=false
TASK pid=4 state=Sleeping prio=4/4 runtime=0 stack_used=252/384w stack_free_low=132w hb=true age=155 timeout=1000 stale=false warn=false
health: uptime=30070ms reset=software wd=true feeds=120 live=5 hb=4 stale=0 stack_warn=0 rx=172 tx=4333 rxov=0 txov=0 rxerr=0 line_drop=0 cmd_drop=0
PONG
soak
OK
OK
health: uptime=35083ms reset=software wd=true feeds=140 live=5 hb=4 stale=0 stack_warn=0 rx=209 tx=4503 rxov=0 txov=0 rxerr=0 line_drop=0 cmd_drop=0
STAT uptime=36454ms reset=software wd=true feeds=145 live=5 hb=4 stale=0 stack_warn=0 rx=215 tx=4653 rxov=0 txov=0 rxerr=0 rx_pending=0 tx_pending=0 line_drop=0 cmd_drop=0 queue=0
TASK pid=0 state=Running prio=7/7 runtime=36041 stack_used=18/128w stack_free_low=110w hb=false age=36454 timeout=0 stale=false warn=false
TASK pid=1 state=Blocked prio=1/1 runtime=3 stack_used=46/512w stack_free_low=466w hb=true age=1 timeout=1000 stale=false warn=false
TASK pid=2 state=Running prio=2/2 runtime=7 stack_used=290/768w stack_free_low=478w hb=true age=127 timeout=1000 stale=false warn=false
TASK pid=3 state=Ready prio=3/3 runtime=403 stack_used=32/384w stack_free_low=352w hb=true age=158 timeout=1000 stale=false warn=false
TASK pid=4 state=Sleeping prio=4/4 runtime=0 stack_used=252/384w stack_free_low=132w hb=true age=108 timeout=1000 stale=false warn=false
PONG
soak
health: uptime=40096ms reset=software wd=true feeds=160 live=5 hb=4 stale=0 stack_warn=0 rx=232 tx=5531 rxov=0 txov=0 rxerr=0 line_drop=0 cmd_drop=0
OK
OK
STAT uptime=43347ms reset=software wd=true feeds=172 live=5 hb=4 stale=0 stack_warn=0 rx=258 tx=5689 rxov=0 txov=0 rxerr=0 rx_pending=0 tx_pending=0 line_drop=0 cmd_drop=0 queue=0
TASK pid=0 state=Running prio=7/7 runtime=42844 stack_used=18/128w stack_free_low=110w hb=false age=43347 timeout=0 stale=false warn=false
TASK pid=1 state=Blocked prio=1/1 runtime=3 stack_used=46/512w stack_free_low=466w hb=true age=0 timeout=1000 stale=false warn=false
TASK pid=2 state=Running prio=2/2 runtime=7 stack_used=290/768w stack_free_low=478w hb=true age=160 timeout=1000 stale=false warn=false
TASK pid=3 state=Ready prio=3/3 runtime=493 stack_used=32/384w stack_free_low=352w hb=true age=160 timeout=1000 stale=false warn=false
TASK pid=4 state=Sleeping prio=4/4 runtime=0 stack_used=252/384w stack_free_low=132w hb=true age=239 timeout=1000 stale=false warn=false
PONG
health: uptime=45174ms reset=software wd=true feeds=180 live=5 hb=4 stale=0 stack_warn=0 rx=264 tx=6561 rxov=0 txov=0 rxerr=0 line_drop=0 cmd_drop=0
soak
OK
OK
