   Compiling CortexOS v0.1.0 (D:\Code\microOS\CortexOS)
warning: unreachable expression
  --> src\main.rs:83:9
   |
83 |         return uart_probe::run();
   |         ^^^^^^^-----------------
   |         |      |
   |         |      any code following this expression is unreachable
   |         unreachable expression
   |
   = note: `#[warn(unreachable_code)]` (part of `#[warn(unused)]`) on by default

warning: struct `AlignedStack` is never constructed
  --> src\main.rs:46:8
   |
46 | struct AlignedStack<const N: usize>([u32; N]);
   |        ^^^^^^^^^^^^
   |
   = note: `#[warn(dead_code)]` (part of `#[warn(unused)]`) on by default

error: linking with `rust-lld` failed: exit code: 1
  |
  = note: "rust-lld" "-flavor" "gnu" "<1 object files omitted>" "--as-needed" "-Bstatic" "-lcortexos_asm" "<sysroot>\\lib\\rustlib\\thumbv7m-none-eabi\\lib/libcompiler_builtins-*.rlib" "-L" "C:\\Users\\XueAng\\AppData\\Local\\Temp\\rustc71DCTt\\raw-dylibs" "-Bdynamic" "--eh-frame-hdr" "-z" "noexecstack" "-L" "D:\\Code\\microOS\\CortexOS\\target\\thumbv7m-none-eabi\\release\\build\\CortexOS-17af0bab11ef38d7\\out" "-L" "D:\\Code\\microOS\\CortexOS\\target\\thumbv7m-none-eabi\\release\\build\\CortexOS-17af0bab11ef38d7\\out" "-L" "D:\\Code\\microOS\\CortexOS\\target\\thumbv7m-none-eabi\\release\\build\\cortex-m-f2668498a83fd4f1\\out" "-L" "D:\\Code\\microOS\\CortexOS\\target\\thumbv7m-none-eabi\\release\\build\\cortex-m-rt-76487b5afc9505ab\\out" "-L" "D:\\Code\\microOS\\CortexOS\\target\\thumbv7m-none-eabi\\release\\build\\stm32f1-1742633ec127588a\\out" "-o" "D:\\Code\\microOS\\CortexOS\\target\\thumbv7m-none-eabi\\release\\deps\\CortexOS-e0985cce1ab9464e" "--gc-sections" "-O1" "-Tlink.x"
  = note: some arguments are omitted. use `--verbose` to show all linker arguments
  = note: rust-lld: error: undefined symbol: __cortexos_switch_context␍
          >>> referenced by pendsv.S:15 (src/arch/cortex_m\pendsv.S:15)␍
          >>>               11bf2b29bb8e7068-pendsv.o:(.text+0x12) in archive D:\Code\microOS\CortexOS\target\thumbv7m-none-eabi\release\build\CortexOS-17af0bab11ef38d7\out\libcortexos_asm.a␍
          

warning: `CortexOS` (bin "CortexOS") generated 2 warnings
error: could not compile `CortexOS` (bin "CortexOS") due to 1 previous error; 2 warnings emitted
