boot ok (F411)
reset=software
MSP=0x2001ff88 PSP=0x00000000 VTOR=0x00000000
VEC PendSV=0x08008399 SysTick=0x08000201
cpu=84000000Hz
app tasks created: rx=1 cmd=2 tx=3 health=4, start_first_task()
PONG
soak
health: uptime=5005ms reset=software wd=true feeds=20 live=5 hb=4 stale=0 stack_warn=0 rx=17 tx=76 rxov=0 txov=0 rxerr=0 line_drop=0 cmd_drop=0
OK
OK
STAT uptime=8268ms reset=software wd=true feeds=33 live=5 hb=4 stale=0 stack_warn=0 rx=43 tx=229 rxov=0 txov=0 rxerr=0 rx_pending=0 tx_pending=0 line_drop=0 cmd_drop=0 queue=0
TASK pid=0 state=Running prio=7/7 runtime=8245 stack_used=18/128w stack_free_low=110w hb=false age=8269 timeout=0 stale=false warn=false
TASK pid=1 state=Blocked prio=1/1 runtime=2 stack_used=46/512w stack_free_low=466w hb=true age=1 timeout=1000 stale=false warn=false
TASK pid=2 state=Running prio=2/2 runtime=1 stack_used=290/768w stack_free_low=478w hb=true age=153 timeout=1000 stale=false warn=false
TASK pid=3 state=Ready prio=3/3 runtime=21 stack_used=32/384w stack_free_low=352w hb=true age=153 timeout=1000 stale=false warn=false
TASK pid=4 state=Sleeping prio=4/4 runtime=0 stack_used=258/384w stack_free_low=126w hb=true age=1 timeout=1000 stale=false warn=false
PONG
health: uptime=10018ms reset=software wd=true feeds=40 live=5 hb=4 stale=0 stack_warn=0 rx=49 tx=1092 rxov=0 txov=0 rxerr=0 line_drop=0 cmd_drop=0
soak
OK
health: uptime=15031ms reset=software wd=true feeds=60 live=5 hb=4 stale=0 stack_warn=0 rx=72 tx=1250 rxov=0 txov=0 rxerr=0 line_drop=0 cmd_drop=0
