warning: unreachable expression
  --> src\main.rs:72:9
   |
72 |         return uart_probe::run();
   |         ^^^^^^^-----------------
   |         |      |
   |         |      any code following this expression is unreachable
   |         unreachable expression
   |
   = note: `#[warn(unreachable_code)]` (part of `#[warn(unused)]`) on by default

warning: struct `AlignedStack` is never constructed
  --> src\main.rs:35:8
   |
35 | struct AlignedStack<const N: usize>([u32; N]);
   |        ^^^^^^^^^^^^
   |
   = note: `#[warn(dead_code)]` (part of `#[warn(unused)]`) on by default

warning: methods `reset_reason` and `sysclk_hz` are never used
  --> src\bsp\f103c8_bluepill.rs:42:12
   |
21 | impl BoardContext {
   | ----------------- methods in this implementation
...
42 |     pub fn reset_reason(&self) -> kernel::ResetReason {
   |            ^^^^^^^^^^^^
...
46 |     pub fn sysclk_hz(&self) -> u32 {
   |            ^^^^^^^^^

warning: constant `GPIOC_ODR` is never used
   --> src\bsp\f103c8_bluepill.rs:165:11
    |
165 |     const GPIOC_ODR: *const u32 = 0x4001_100C as *const u32;
    |           ^^^^^^^^^

warning: constant `GPIOC_BRR` is never used
   --> src\bsp\f103c8_bluepill.rs:167:11
    |
167 |     const GPIOC_BRR: *mut u32 = 0x4001_1014 as *mut u32;
    |           ^^^^^^^^^

warning: function `led_available` is never used
   --> src\bsp\f103c8_bluepill.rs:204:12
    |
204 |     pub fn led_available() -> bool {
    |            ^^^^^^^^^^^^^

warning: function `set_led` is never used
   --> src\bsp\f103c8_bluepill.rs:208:12
    |
208 |     pub fn set_led(on: bool) -> bool {
    |            ^^^^^^^

warning: function `toggle_led` is never used
   --> src\bsp\f103c8_bluepill.rs:224:12
    |
224 |     pub fn toggle_led() -> bool {
    |            ^^^^^^^^^^

warning: function `pwm_available` is never used
   --> src\bsp\f103c8_bluepill.rs:240:12
    |
240 |     pub fn pwm_available() -> bool {
    |            ^^^^^^^^^^^^^

warning: function `set_pwm_percent` is never used
   --> src\bsp\f103c8_bluepill.rs:244:12
    |
244 |     pub fn set_pwm_percent(percent: u8) -> bool {
    |            ^^^^^^^^^^^^^^^

warning: function `app_is_ready` is never used
   --> src\bsp\f103c8_bluepill.rs:401:12
    |
401 |     pub fn app_is_ready() -> bool {
    |            ^^^^^^^^^^^^

warning: function `app_wait_for_rx` is never used
   --> src\bsp\f103c8_bluepill.rs:405:12
    |
405 |     pub fn app_wait_for_rx(timeout_ms: Option<u32>) -> Result<(), EventError> {
    |            ^^^^^^^^^^^^^^^

warning: function `app_clear_rx_event` is never used
   --> src\bsp\f103c8_bluepill.rs:409:12
    |
409 |     pub fn app_clear_rx_event() {
    |            ^^^^^^^^^^^^^^^^^^

warning: function `app_wait_for_tx` is never used
   --> src\bsp\f103c8_bluepill.rs:417:12
    |
417 |     pub fn app_wait_for_tx(timeout_ms: Option<u32>) -> Result<(), EventError> {
    |            ^^^^^^^^^^^^^^^

warning: function `app_clear_tx_event` is never used
   --> src\bsp\f103c8_bluepill.rs:421:12
    |
421 |     pub fn app_clear_tx_event() {
    |            ^^^^^^^^^^^^^^^^^^

warning: function `app_enqueue_tx_bytes` is never used
   --> src\bsp\f103c8_bluepill.rs:425:12
    |
425 |     pub fn app_enqueue_tx_bytes(bytes: &[u8]) -> usize {
    |            ^^^^^^^^^^^^^^^^^^^^

warning: function `app_drain_tx` is never used
   --> src\bsp\f103c8_bluepill.rs:437:12
    |
437 |     pub fn app_drain_tx() -> usize {
    |            ^^^^^^^^^^^^

warning: function `app_stats` is never used
   --> src\bsp\f103c8_bluepill.rs:453:12
    |
453 |     pub fn app_stats() -> UartStats {
    |            ^^^^^^^^^

warning: constant `IWDG_KR` is never used
   --> src\bsp\f103c8_bluepill.rs:507:11
    |
507 |     const IWDG_KR: *mut u32 = 0x4000_3000 as *mut u32;
    |           ^^^^^^^

warning: constant `IWDG_PR` is never used
   --> src\bsp\f103c8_bluepill.rs:508:11
    |
508 |     const IWDG_PR: *mut u32 = 0x4000_3004 as *mut u32;
    |           ^^^^^^^

warning: constant `IWDG_RLR` is never used
   --> src\bsp\f103c8_bluepill.rs:509:11
    |
509 |     const IWDG_RLR: *mut u32 = 0x4000_3008 as *mut u32;
    |           ^^^^^^^^

warning: constant `IWDG_SR` is never used
   --> src\bsp\f103c8_bluepill.rs:510:11
    |
510 |     const IWDG_SR: *const u32 = 0x4000_300C as *const u32;
    |           ^^^^^^^

warning: function `start` is never used
   --> src\bsp\f103c8_bluepill.rs:518:12
    |
518 |     pub fn start(timeout_ms: u32) -> bool {
    |            ^^^^^

warning: function `feed` is never used
   --> src\bsp\f103c8_bluepill.rs:539:12
    |
539 |     pub fn feed() -> bool {
    |            ^^^^

warning: function `timeout_ms_to_reload` is never used
   --> src\bsp\f103c8_bluepill.rs:550:8
    |
550 |     fn timeout_ms_to_reload(timeout_ms: u32) -> u32 {
    |        ^^^^^^^^^^^^^^^^^^^^

warning: struct `GpioOutput` is never constructed
 --> src\device\gpio.rs:3:12
  |
3 | pub struct GpioOutput<P> {
  |            ^^^^^^^^^^

warning: associated items `new`, `set_high`, `set_low`, and `release` are never used
  --> src\device\gpio.rs:8:12
   |
 7 | impl<P: OutputPin> GpioOutput<P> {
   | -------------------------------- associated items in this implementation
 8 |     pub fn new(pin: P) -> Self {
   |            ^^^
...
12 |     pub fn set_high(&mut self) -> Result<(), P::Error> {
   |            ^^^^^^^^
...
16 |     pub fn set_low(&mut self) -> Result<(), P::Error> {
   |            ^^^^^^^
...
20 |     pub fn release(self) -> P {
   |            ^^^^^^^

warning: method `toggle` is never used
  --> src\device\gpio.rs:26:12
   |
25 | impl<P: OutputPin + StatefulOutputPin> GpioOutput<P> {
   | ---------------------------------------------------- method in this implementation
26 |     pub fn toggle(&mut self) -> Result<(), P::Error> {
   |            ^^^^^^

warning: struct `GpioInput` is never constructed
  --> src\device\gpio.rs:35:12
   |
35 | pub struct GpioInput<P> {
   |            ^^^^^^^^^

warning: associated items `new`, `is_high`, `is_low`, and `release` are never used
  --> src\device\gpio.rs:40:12
   |
39 | impl<P: InputPin> GpioInput<P> {
   | ------------------------------ associated items in this implementation
40 |     pub fn new(pin: P) -> Self {
   |            ^^^
...
44 |     pub fn is_high(&mut self) -> Result<bool, P::Error> {
   |            ^^^^^^^
...
48 |     pub fn is_low(&mut self) -> Result<bool, P::Error> {
   |            ^^^^^^
...
52 |     pub fn release(self) -> P {
   |            ^^^^^^^

warning: struct `PwmChannel` is never constructed
 --> src\device\pwm.rs:3:12
  |
3 | pub struct PwmChannel<P> {
  |            ^^^^^^^^^^

warning: multiple associated items are never used
  --> src\device\pwm.rs:8:12
   |
 7 | impl<P: SetDutyCycle> PwmChannel<P> {
   | ----------------------------------- associated items in this implementation
 8 |     pub fn new(channel: P) -> Self {
   |            ^^^
...
12 |     pub fn max_duty(&self) -> u16 {
   |            ^^^^^^^^
...
16 |     pub fn set_duty(&mut self, duty: u16) -> Result<(), P::Error> {
   |            ^^^^^^^^
...
20 |     pub fn set_duty_percent(&mut self, percent: u8) -> Result<(), P::Error> {
   |            ^^^^^^^^^^^^^^^^
...
26 |     pub fn set_duty_fraction(&mut self, num: u16, denom: u16) -> Result<(), P::Error> {
   |            ^^^^^^^^^^^^^^^^^
...
30 |     pub fn inner_mut(&mut self) -> &mut P {
   |            ^^^^^^^^^
...
34 |     pub fn release(self) -> P {
   |            ^^^^^^^

warning: function `is_ready` is never used
 --> src\device\uart.rs:5:8
  |
5 | pub fn is_ready() -> bool {
  |        ^^^^^^^^

warning: function `wait_for_rx` is never used
 --> src\device\uart.rs:9:8
  |
9 | pub fn wait_for_rx(timeout_ms: Option<u32>) -> Result<(), EventError> {
  |        ^^^^^^^^^^^

warning: function `clear_rx_event` is never used
  --> src\device\uart.rs:13:8
   |
13 | pub fn clear_rx_event() {
   |        ^^^^^^^^^^^^^^

warning: function `read_byte` is never used
  --> src\device\uart.rs:17:8
   |
17 | pub fn read_byte() -> Option<u8> {
   |        ^^^^^^^^^

warning: function `wait_for_tx` is never used
  --> src\device\uart.rs:21:8
   |
21 | pub fn wait_for_tx(timeout_ms: Option<u32>) -> Result<(), EventError> {
   |        ^^^^^^^^^^^

warning: function `clear_tx_event` is never used
  --> src\device\uart.rs:25:8
   |
25 | pub fn clear_tx_event() {
   |        ^^^^^^^^^^^^^^

warning: function `enqueue_tx_bytes` is never used
  --> src\device\uart.rs:29:8
   |
29 | pub fn enqueue_tx_bytes(bytes: &[u8]) -> usize {
   |        ^^^^^^^^^^^^^^^^

warning: function `drain_tx` is never used
  --> src\device\uart.rs:33:8
   |
33 | pub fn drain_tx() -> usize {
   |        ^^^^^^^^

warning: function `stats` is never used
  --> src\device\uart.rs:37:8
   |
37 | pub fn stats() -> UartStats {
   |        ^^^^^

warning: function `log_bytes` is never used
  --> src\device\uart.rs:41:8
   |
41 | pub fn log_bytes(bytes: &[u8]) -> usize {
   |        ^^^^^^^^^

warning: function `raw_write_bytes` is never used
  --> src\device\uart.rs:45:8
   |
45 | pub fn raw_write_bytes(bytes: &[u8]) {
   |        ^^^^^^^^^^^^^^^

warning: struct `Encoder` is never constructed
 --> src\driver\encoder.rs:4:12
  |
4 | pub struct Encoder {
  |            ^^^^^^^

warning: associated items `new`, `reset`, `add`, and `get` are never used
  --> src\driver\encoder.rs:9:18
   |
 8 | impl Encoder {
   | ------------ associated items in this implementation
 9 |     pub const fn new() -> Self {
   |                  ^^^
...
15 |     pub fn reset(&self) {
   |            ^^^^^
...
19 |     pub fn add(&self, delta: i32) {
   |            ^^^
...
23 |     pub fn get(&self) -> i32 {
   |            ^^^

warning: enum `MotorDir` is never used
 --> src\driver\motor.rs:7:10
  |
7 | pub enum MotorDir {
  |          ^^^^^^^^

warning: struct `Motor` is never constructed
  --> src\driver\motor.rs:12:12
   |
12 | pub struct Motor<PWM, DIR> {
   |            ^^^^^

warning: associated items `new`, `enable`, `disable`, `set_direction`, `set_speed_percent`, and `release` are never used
  --> src\driver\motor.rs:25:12
   |
20 | / impl<PWM, DIR> Motor<PWM, DIR>
21 | | where
22 | |     PWM: SetDutyCycle,
23 | |     DIR: OutputPin,
   | |___________________- associated items in this implementation
24 |   {
25 |       pub fn new(pwm: PWM, dir: DIR) -> Self {
   |              ^^^
...
38 |       pub fn enable(&mut self) -> Result<(), PWM::Error> {
   |              ^^^^^^
...
43 |       pub fn disable(&mut self) -> Result<(), PWM::Error> {
   |              ^^^^^^^
...
48 |       pub fn set_direction(&mut self, dir: MotorDir) -> Result<(), DIR::Error> {
   |              ^^^^^^^^^^^^^
...
56 |       pub fn set_speed_percent(&mut self, percent: u8) -> Result<(), PWM::Error> {
   |              ^^^^^^^^^^^^^^^^^
...
65 |       pub fn release(self) -> (PWM, DIR) {
   |              ^^^^^^^

warning: struct `DigitalSensor` is never constructed
 --> src\driver\sensor.rs:3:12
  |
3 | pub struct DigitalSensor<P> {
  |            ^^^^^^^^^^^^^

warning: associated items `new`, `is_active`, and `release` are never used
  --> src\driver\sensor.rs:8:12
   |
 7 | impl<P: InputPin> DigitalSensor<P> {
   | ---------------------------------- associated items in this implementation
 8 |     pub fn new(pin: P) -> Self {
   |            ^^^
...
12 |     pub fn is_active(&mut self) -> Result<bool, P::Error> {
   |            ^^^^^^^^^
...
16 |     pub fn release(self) -> P {
   |            ^^^^^^^

warning: enum `MsgQueueError` is never used
 --> src\ipc\mqueue.rs:6:10
  |
6 | pub enum MsgQueueError {
  |          ^^^^^^^^^^^^^

warning: struct `MsgQueue` is never constructed
  --> src\ipc\mqueue.rs:11:12
   |
11 | pub struct MsgQueue<const N: usize> {
   |            ^^^^^^^^

warning: multiple associated items are never used
  --> src\ipc\mqueue.rs:19:18
   |
18 | impl<const N: usize> MsgQueue<N> {
   | -------------------------------- associated items in this implementation
19 |     pub const fn new() -> Self {
   |                  ^^^
...
29 |     pub fn capacity(&self) -> usize {
   |            ^^^^^^^^
...
34 |     pub fn len(&self) -> usize {
   |            ^^^
...
39 |     pub fn is_empty(&self) -> bool {
   |            ^^^^^^^^
...
44 |     pub fn is_full(&self) -> bool {
   |            ^^^^^^^
...
48 |     pub fn clear(&mut self) {
   |            ^^^^^
...
54 |     pub fn send(&mut self, msg: usize) -> Result<(), MsgQueueError> {
   |            ^^^^
...
65 |     pub fn recv(&mut self) -> Option<usize> {
   |            ^^^^

warning: struct `SyncMsgQueue` is never constructed
  --> src\ipc\mqueue.rs:78:12
   |
78 | pub struct SyncMsgQueue<const N: usize> {
   |            ^^^^^^^^^^^^

warning: multiple associated items are never used
   --> src\ipc\mqueue.rs:83:18
    |
 82 | impl<const N: usize> SyncMsgQueue<N> {
    | ------------------------------------ associated items in this implementation
 83 |     pub const fn new() -> Self {
    |                  ^^^
...
 89 |     pub fn send(&self, msg: usize) -> Result<(), MsgQueueError> {
    |            ^^^^
...
 95 |     pub fn send_from_isr(&self, msg: usize) -> Result<(), MsgQueueError> {
    |            ^^^^^^^^^^^^^
...
100 |     pub fn recv(&self) -> Option<usize> {
    |            ^^^^
...
104 |     pub fn len(&self) -> usize {
    |            ^^^
...
108 |     pub fn is_empty(&self) -> bool {
    |            ^^^^^^^^
...
112 |     pub fn is_full(&self) -> bool {
    |            ^^^^^^^

warning: multiple methods are never used
  --> src\ipc\ringbuf.rs:19:12
   |
12 | impl<const N: usize> SyncRingBuf<N> {
   | ----------------------------------- methods in this implementation
...
19 |     pub fn push(&self, byte: u8) -> Result<(), RingBufError> {
   |            ^^^^
...
32 |     pub fn pop_from_isr(&self) -> Option<u8> {
   |            ^^^^^^^^^^^^
...
37 |     pub fn push_slice(&self, data: &[u8]) -> usize {
   |            ^^^^^^^^^^
...
41 |     pub fn pop_slice(&self, out: &mut [u8]) -> usize {
   |            ^^^^^^^^^
...
45 |     pub fn len(&self) -> usize {
   |            ^^^
...
49 |     pub fn is_empty(&self) -> bool {
   |            ^^^^^^^^
...
53 |     pub fn is_full(&self) -> bool {
   |            ^^^^^^^

warning: methods `capacity`, `is_full`, `len`, `push_slice`, and `pop_slice` are never used
  --> src\ipc\ringbuf_core.rs:25:12
   |
14 | impl<const N: usize> RingBuf<N> {
   | ------------------------------- methods in this implementation
...
25 |     pub fn capacity(&self) -> usize {
   |            ^^^^^^^^
...
35 |     pub fn is_full(&self) -> bool {
   |            ^^^^^^^
...
40 |     pub fn len(&self) -> usize {
   |            ^^^
...
82 |     pub fn push_slice(&mut self, data: &[u8]) -> usize {
   |            ^^^^^^^^^^
...
94 |     pub fn pop_slice(&mut self, out: &mut [u8]) -> usize {
   |            ^^^^^^^^^

warning: type alias `TaskEntry` is never used
  --> src\kernel.rs:18:10
   |
18 | pub type TaskEntry = fn(usize) -> !;
   |          ^^^^^^^^^

warning: type alias `TaskId` is never used
  --> src\kernel.rs:19:10
   |
19 | pub type TaskId = usize;
   |          ^^^^^^

warning: type alias `TimerHandle` is never used
  --> src\kernel.rs:20:10
   |
20 | pub type TimerHandle = usize;
   |          ^^^^^^^^^^^

warning: constant `MAX_TASKS` is never used
  --> src\kernel.rs:21:11
   |
21 | pub const MAX_TASKS: usize = scheduler::MAX_TASKS;
   |           ^^^^^^^^^

warning: constant `STACK_WARNING_WORDS` is never used
  --> src\kernel.rs:22:7
   |
22 | const STACK_WARNING_WORDS: usize = 64;
   |       ^^^^^^^^^^^^^^^^^^^

warning: static `RESET_REASON` is never used
  --> src\kernel.rs:24:8
   |
24 | static RESET_REASON: Mutex<RefCell<ResetReason>> = Mutex::new(RefCell::new(ResetReason::Unknown));
   |        ^^^^^^^^^^^^

warning: static `WATCHDOG_ENABLED` is never used
  --> src\kernel.rs:25:8
   |
25 | static WATCHDOG_ENABLED: AtomicBool = AtomicBool::new(false);
   |        ^^^^^^^^^^^^^^^^

warning: static `WATCHDOG_FEEDS` is never used
  --> src\kernel.rs:26:8
   |
26 | static WATCHDOG_FEEDS: AtomicU32 = AtomicU32::new(0);
   |        ^^^^^^^^^^^^^^

warning: function `init` is never used
  --> src\kernel.rs:29:8
   |
29 | pub fn init() {
   |        ^^^^

warning: function `create_task` is never used
  --> src\kernel.rs:40:8
   |
40 | pub fn create_task(
   |        ^^^^^^^^^^^

warning: function `start` is never used
  --> src\kernel.rs:50:8
   |
50 | pub fn start() -> ! {
   |        ^^^^^

warning: function `yield_now` is never used
  --> src\kernel.rs:55:8
   |
55 | pub fn yield_now() {
   |        ^^^^^^^^^

warning: function `sleep_ms` is never used
  --> src\kernel.rs:60:8
   |
60 | pub fn sleep_ms(ms: u32) {
   |        ^^^^^^^^

warning: function `block_current` is never used
  --> src\kernel.rs:65:8
   |
65 | pub fn block_current(timeout_ms: Option<u32>) {
   |        ^^^^^^^^^^^^^

warning: function `unblock` is never used
  --> src\kernel.rs:70:8
   |
70 | pub fn unblock(pid: TaskId) -> bool {
   |        ^^^^^^^

warning: function `delete_task` is never used
  --> src\kernel.rs:75:8
   |
75 | pub fn delete_task(pid: TaskId) -> bool {
   |        ^^^^^^^^^^^

warning: function `exit_current` is never used
  --> src\kernel.rs:80:8
   |
80 | pub fn exit_current() -> ! {
   |        ^^^^^^^^^^^^

warning: function `set_priority` is never used
  --> src\kernel.rs:85:8
   |
85 | pub fn set_priority(pid: TaskId, new_prio: u8) -> bool {
   |        ^^^^^^^^^^^^

warning: function `current_pid` is never used
  --> src\kernel.rs:90:8
   |
90 | pub fn current_pid() -> Option<TaskId> {
   |        ^^^^^^^^^^^

warning: function `task_priority` is never used
  --> src\kernel.rs:95:8
   |
95 | pub fn task_priority(pid: TaskId) -> Option<u8> {
   |        ^^^^^^^^^^^^^

warning: function `current_priority` is never used
   --> src\kernel.rs:100:8
    |
100 | pub fn current_priority() -> Option<u8> {
    |        ^^^^^^^^^^^^^^^^

warning: function `list_tasks` is never used
   --> src\kernel.rs:105:8
    |
105 | pub fn list_tasks(buffer: &mut [TaskId]) -> usize {
    |        ^^^^^^^^^^

warning: function `task_diagnostics` is never used
   --> src\kernel.rs:110:8
    |
110 | pub fn task_diagnostics(pid: TaskId) -> Option<TaskDiagnostics> {
    |        ^^^^^^^^^^^^^^^^

warning: function `trace_counters` is never used
   --> src\kernel.rs:115:8
    |
115 | pub fn trace_counters() -> TraceCounters {
    |        ^^^^^^^^^^^^^^

warning: function `clear_trace_counters` is never used
   --> src\kernel.rs:120:8
    |
120 | pub fn clear_trace_counters() {
    |        ^^^^^^^^^^^^^^^^^^^^

warning: function `set_trace_hook` is never used
   --> src\kernel.rs:125:8
    |
125 | pub fn set_trace_hook(hook: Option<TraceHook>) {
    |        ^^^^^^^^^^^^^^

warning: function `set_reset_reason` is never used
   --> src\kernel.rs:129:8
    |
129 | pub fn set_reset_reason(reason: ResetReason) {
    |        ^^^^^^^^^^^^^^^^

warning: function `reset_reason` is never used
   --> src\kernel.rs:135:8
    |
135 | pub fn reset_reason() -> ResetReason {
    |        ^^^^^^^^^^^^

warning: function `enable_watchdog` is never used
   --> src\kernel.rs:139:8
    |
139 | pub fn enable_watchdog(timeout_ms: u32) -> bool {
    |        ^^^^^^^^^^^^^^^

warning: function `register_task_heartbeat` is never used
   --> src\kernel.rs:149:8
    |
149 | pub fn register_task_heartbeat(pid: TaskId, timeout_ms: u32) -> bool {
    |        ^^^^^^^^^^^^^^^^^^^^^^^

warning: function `register_current_heartbeat` is never used
   --> src\kernel.rs:153:8
    |
153 | pub fn register_current_heartbeat(timeout_ms: u32) -> bool {
    |        ^^^^^^^^^^^^^^^^^^^^^^^^^^

warning: function `task_heartbeat` is never used
   --> src\kernel.rs:157:8
    |
157 | pub fn task_heartbeat() -> bool {
    |        ^^^^^^^^^^^^^^

warning: function `system_health` is never used
   --> src\kernel.rs:161:8
    |
161 | pub fn system_health() -> SystemHealth {
    |        ^^^^^^^^^^^^^

warning: function `feed_watchdog_if_healthy` is never used
   --> src\kernel.rs:204:8
    |
204 | pub fn feed_watchdog_if_healthy() -> bool {
    |        ^^^^^^^^^^^^^^^^^^^^^^^^

warning: function `log_diagnostics` is never used
   --> src\kernel.rs:223:8
    |
223 | pub fn log_diagnostics() {
    |        ^^^^^^^^^^^^^^^

warning: function `now_ticks` is never used
   --> src\kernel.rs:288:8
    |
288 | pub fn now_ticks() -> u32 {
    |        ^^^^^^^^^

warning: function `now_ms` is never used
   --> src\kernel.rs:293:8
    |
293 | pub fn now_ms() -> u32 {
    |        ^^^^^^

warning: function `delay_ms` is never used
   --> src\kernel.rs:298:8
    |
298 | pub fn delay_ms(ms: u32) {
    |        ^^^^^^^^

warning: function `start_timer_oneshot` is never used
   --> src\kernel.rs:303:8
    |
303 | pub fn start_timer_oneshot(
    |        ^^^^^^^^^^^^^^^^^^^

warning: function `start_timer_periodic` is never used
   --> src\kernel.rs:312:8
    |
312 | pub fn start_timer_periodic(
    |        ^^^^^^^^^^^^^^^^^^^^

warning: function `cancel_timer` is never used
   --> src\kernel.rs:321:8
    |
321 | pub fn cancel_timer(handle: TimerHandle) -> bool {
    |        ^^^^^^^^^^^^

warning: function `dispatch_timers` is never used
   --> src\kernel.rs:326:8
    |
326 | pub fn dispatch_timers() {
    |        ^^^^^^^^^^^^^^^

warning: constant `TICK_HZ` is never used
   --> src\kernel.rs:330:11
    |
330 | pub const TICK_HZ: u32 = systick::TICK_HZ;
    |           ^^^^^^^

warning: constant `LOGGER_BUF_SIZE` is never used
 --> src\log.rs:3:7
  |
3 | const LOGGER_BUF_SIZE: usize = 256;
  |       ^^^^^^^^^^^^^^^

warning: struct `Logger` is never constructed
 --> src\log.rs:5:19
  |
5 | pub(crate) struct Logger {
  |                   ^^^^^^

warning: associated items `new` and `flush` are never used
  --> src\log.rs:11:8
   |
10 | impl Logger {
   | ----------- associated items in this implementation
11 |     fn new() -> Self {
   |        ^^^
...
18 |     fn flush(&mut self) -> core::fmt::Result {
   |        ^^^^^

warning: function `init` is never used
  --> src\log.rs:57:8
   |
57 | pub fn init() {}
   |        ^^^^

warning: function `with_logger` is never used
  --> src\log.rs:59:8
   |
59 | pub fn with_logger<R>(f: impl FnOnce(&mut Logger) -> R) -> Option<R> {
   |        ^^^^^^^^^^^

warning: function `log_line` is never used
  --> src\log.rs:66:8
   |
66 | pub fn log_line(s: &str) {
   |        ^^^^^^^^

warning: struct `MemLayout` is never constructed
 --> src\mem\layout.rs:2:12
  |
2 | pub struct MemLayout {
  |            ^^^^^^^^^

warning: associated items `new`, `flash_end`, and `ram_end` are never used
  --> src\mem\layout.rs:11:18
   |
10 | impl MemLayout {
   | -------------- associated items in this implementation
11 |     pub const fn new(
   |                  ^^^
...
28 |     pub const fn flash_end(&self) -> usize {
   |                  ^^^^^^^^^
...
33 |     pub const fn ram_end(&self) -> usize {
   |                  ^^^^^^^

warning: constant `FLASH_START` is never used
  --> src\mem\layout.rs:42:11
   |
42 | pub const FLASH_START: usize = 0x0800_0000;
   |           ^^^^^^^^^^^

warning: constant `FLASH_SIZE` is never used
  --> src\mem\layout.rs:43:11
   |
43 | pub const FLASH_SIZE: usize = 512 * 1024;
   |           ^^^^^^^^^^

warning: constant `RAM_START` is never used
  --> src\mem\layout.rs:44:11
   |
44 | pub const RAM_START: usize = 0x2000_0000;
   |           ^^^^^^^^^

warning: constant `RAM_SIZE` is never used
  --> src\mem\layout.rs:45:11
   |
45 | pub const RAM_SIZE: usize = 128 * 1024;
   |           ^^^^^^^^

warning: function `layout` is never used
  --> src\mem\layout.rs:47:8
   |
47 | pub fn layout() -> MemLayout {
   |        ^^^^^^

warning: enum `PoolError` is never used
 --> src\mem\static_pool.rs:5:10
  |
5 | pub enum PoolError {
  |          ^^^^^^^^^

warning: struct `StaticPool` is never constructed
  --> src\mem\static_pool.rs:11:12
   |
11 | pub struct StaticPool<const BLOCK_SIZE: usize, const BLOCK_COUNT: usize> {
   |            ^^^^^^^^^^

warning: multiple associated items are never used
  --> src\mem\static_pool.rs:22:18
   |
21 | impl<const BLOCK_SIZE: usize, const BLOCK_COUNT: usize> StaticPool<BLOCK_SIZE, BLOCK_COUNT> {
   | ------------------------------------------------------------------------------------------- associated items in this implementation
22 |     pub const fn new() -> Self {
   |                  ^^^
...
30 |     const fn block_stride() -> usize {
   |              ^^^^^^^^^^^^
...
35 |     pub const fn block_size(&self) -> usize {
   |                  ^^^^^^^^^^
...
40 |     pub const fn block_count(&self) -> usize {
   |                  ^^^^^^^^^^^
...
45 |     pub fn available(&self) -> usize {
   |            ^^^^^^^^^
...
51 |     pub fn alloc(&self, size: usize, align: usize) -> Result<*mut u8, PoolError> {
   |            ^^^^^
...
73 |     pub fn alloc_for<T>(&self) -> Result<*mut T, PoolError> {
   |            ^^^^^^^^^
...
85 |     pub fn free_ptr(&self, ptr: *mut u8) -> Result<(), PoolError> {
   |            ^^^^^^^^

warning: constant `POOL_ALIGN` is never used
   --> src\mem\static_pool.rs:111:7
    |
111 | const POOL_ALIGN: usize = 8;
    |       ^^^^^^^^^^

warning: struct `AlignedBlock` is never constructed
   --> src\mem\static_pool.rs:115:8
    |
115 | struct AlignedBlock<const N: usize>([u8; N]);
    |        ^^^^^^^^^^^^

warning: associated items `new` and `as_mut_ptr` are never used
   --> src\mem\static_pool.rs:118:14
    |
117 | impl<const N: usize> AlignedBlock<N> {
    | ------------------------------------ associated items in this implementation
118 |     const fn new() -> Self {
    |              ^^^
...
123 |     fn as_mut_ptr(&mut self) -> *mut u8 {
    |        ^^^^^^^^^^

warning: function `led_available` is never used
 --> src\platform\controls.rs:3:8
  |
3 | pub fn led_available() -> bool {
  |        ^^^^^^^^^^^^^

warning: function `set_led` is never used
 --> src\platform\controls.rs:7:8
  |
7 | pub fn set_led(on: bool) -> bool {
  |        ^^^^^^^

warning: function `toggle_led` is never used
  --> src\platform\controls.rs:11:8
   |
11 | pub fn toggle_led() -> bool {
   |        ^^^^^^^^^^

warning: function `pwm_available` is never used
  --> src\platform\controls.rs:15:8
   |
15 | pub fn pwm_available() -> bool {
   |        ^^^^^^^^^^^^^

warning: function `set_pwm_percent` is never used
  --> src\platform\controls.rs:19:8
   |
19 | pub fn set_pwm_percent(percent: u8) -> bool {
   |        ^^^^^^^^^^^^^^^

warning: struct `IoHealthSnapshot` is never constructed
 --> src\platform\diagnostics.rs:4:12
  |
4 | pub struct IoHealthSnapshot {
  |            ^^^^^^^^^^^^^^^^

warning: function `io_health` is never used
  --> src\platform\diagnostics.rs:12:8
   |
12 | pub fn io_health() -> IoHealthSnapshot {
   |        ^^^^^^^^^

warning: enum `UartRole` is never used
 --> src\platform\uart.rs:4:10
  |
4 | pub enum UartRole {
  |          ^^^^^^^^

warning: struct `UartStats` is never constructed
  --> src\platform\uart.rs:10:12
   |
10 | pub struct UartStats {
   |            ^^^^^^^^^

warning: function `app_is_ready` is never used
  --> src\platform\uart.rs:24:8
   |
24 | pub fn app_is_ready() -> bool {
   |        ^^^^^^^^^^^^

warning: function `app_wait_for_rx` is never used
  --> src\platform\uart.rs:28:8
   |
28 | pub fn app_wait_for_rx(timeout_ms: Option<u32>) -> Result<(), crate::sync::event::EventError> {
   |        ^^^^^^^^^^^^^^^

warning: function `app_clear_rx_event` is never used
  --> src\platform\uart.rs:32:8
   |
32 | pub fn app_clear_rx_event() {
   |        ^^^^^^^^^^^^^^^^^^

warning: function `app_read_byte` is never used
  --> src\platform\uart.rs:36:8
   |
36 | pub fn app_read_byte() -> Option<u8> {
   |        ^^^^^^^^^^^^^

warning: function `app_wait_for_tx` is never used
  --> src\platform\uart.rs:40:8
   |
40 | pub fn app_wait_for_tx(timeout_ms: Option<u32>) -> Result<(), crate::sync::event::EventError> {
   |        ^^^^^^^^^^^^^^^

warning: function `app_clear_tx_event` is never used
  --> src\platform\uart.rs:44:8
   |
44 | pub fn app_clear_tx_event() {
   |        ^^^^^^^^^^^^^^^^^^

warning: function `app_enqueue_tx_bytes` is never used
  --> src\platform\uart.rs:48:8
   |
48 | pub fn app_enqueue_tx_bytes(bytes: &[u8]) -> usize {
   |        ^^^^^^^^^^^^^^^^^^^^

warning: function `app_drain_tx` is never used
  --> src\platform\uart.rs:52:8
   |
52 | pub fn app_drain_tx() -> usize {
   |        ^^^^^^^^^^^^

warning: function `app_stats` is never used
  --> src\platform\uart.rs:56:8
   |
56 | pub fn app_stats() -> UartStats {
   |        ^^^^^^^^^

warning: function `log_bytes` is never used
  --> src\platform\uart.rs:60:8
   |
60 | pub fn log_bytes(bytes: &[u8]) -> usize {
   |        ^^^^^^^^^

warning: function `start` is never used
 --> src\platform\watchdog.rs:3:8
  |
3 | pub fn start(timeout_ms: u32) -> bool {
  |        ^^^^^

warning: function `feed` is never used
 --> src\platform\watchdog.rs:7:8
  |
7 | pub fn feed() -> bool {
  |        ^^^^

warning: enum `EventError` is never used
 --> src\sync\event.rs:8:10
  |
8 | pub enum EventError {
  |          ^^^^^^^^^^

warning: methods `is_set`, `try_wait`, and `wait` are never used
  --> src\sync\event.rs:26:12
   |
19 | impl<const N: usize> Event<N> {
   | ----------------------------- methods in this implementation
...
26 |     pub fn is_set(&self) -> bool {
   |            ^^^^^^
...
62 |     pub fn try_wait(&self) -> bool {
   |            ^^^^^^^^
...
67 |     pub fn wait(&self, timeout_ms: Option<u32>) -> Result<(), EventError> {
   |            ^^^^

warning: enum `WaitDecision` is never used
   --> src\sync\event.rs:136:6
    |
136 | enum WaitDecision {
    |      ^^^^^^^^^^^^

warning: methods `push` and `remove` are never used
   --> src\sync\event.rs:155:8
    |
147 | impl<const N: usize> WaitQueue<N> {
    | --------------------------------- methods in this implementation
...
155 |     fn push(&mut self, pid: usize) -> bool {
    |        ^^^^
...
182 |     fn remove(&mut self, pid: usize) -> bool {
    |        ^^^^^^

warning: struct `IrqMutex` is never constructed
 --> src\sync\mutex.rs:8:12
  |
8 | pub struct IrqMutex<T> {
  |            ^^^^^^^^

warning: associated items `new` and `lock` are never used
  --> src\sync\mutex.rs:13:18
   |
12 | impl<T> IrqMutex<T> {
   | ------------------- associated items in this implementation
13 |     pub const fn new(value: T) -> Self {
   |                  ^^^
...
19 |     pub fn lock<R>(&self, f: impl FnOnce(&mut T) -> R) -> R {
   |            ^^^^

warning: enum `MutexError` is never used
  --> src\sync\mutex.rs:28:10
   |
28 | pub enum MutexError {
   |          ^^^^^^^^^^

warning: struct `BlockingMutex` is never constructed
  --> src\sync\mutex.rs:40:12
   |
40 | pub struct BlockingMutex<T, const N: usize> {
   |            ^^^^^^^^^^^^^

warning: associated items `new`, `acquire`, `release`, and `with_owner` are never used
   --> src\sync\mutex.rs:45:18
    |
 44 | impl<T, const N: usize> BlockingMutex<T, N> {
    | ------------------------------------------- associated items in this implementation
 45 |     pub const fn new(value: T) -> Self {
    |                  ^^^
...
 51 |     pub fn acquire(&self, timeout_ms: Option<u32>) -> Result<(), MutexError> {
    |            ^^^^^^^
...
126 |     pub fn release(&self) -> Result<(), MutexError> {
    |            ^^^^^^^
...
183 |     pub fn with_owner<R>(&self, f: impl FnOnce(&mut T) -> R) -> Result<R, MutexError> {
    |            ^^^^^^^^^^

warning: struct `BlockingMutexInner` is never constructed
   --> src\sync\mutex.rs:197:8
    |
197 | struct BlockingMutexInner<T, const N: usize> {
    |        ^^^^^^^^^^^^^^^^^^

warning: associated function `new` is never used
   --> src\sync\mutex.rs:204:14
    |
203 | impl<T, const N: usize> BlockingMutexInner<T, N> {
    | ------------------------------------------------ associated function in this implementation
204 |     const fn new(value: T) -> Self {
    |              ^^^

warning: enum `AcquireDecision` is never used
   --> src\sync\mutex.rs:213:6
    |
213 | enum AcquireDecision {
    |      ^^^^^^^^^^^^^^^

warning: struct `WaitQueue` is never constructed
   --> src\sync\mutex.rs:220:8
    |
220 | struct WaitQueue<const N: usize> {
    |        ^^^^^^^^^

warning: associated items `new`, `contains`, `push`, `remove`, `pop_highest`, and `snapshot` are never used
   --> src\sync\mutex.rs:226:14
    |
225 | impl<const N: usize> WaitQueue<N> {
    | --------------------------------- associated items in this implementation
226 |     const fn new() -> Self {
    |              ^^^
...
233 |     fn contains(&self, pid: usize) -> bool {
    |        ^^^^^^^^
...
237 |     fn push(&mut self, pid: usize) -> bool {
    |        ^^^^
...
251 |     fn remove(&mut self, pid: usize) -> bool {
    |        ^^^^^^
...
265 |     fn pop_highest(&mut self) -> Option<usize> {
    |        ^^^^^^^^^^^
...
288 |     fn snapshot(&self, out: &mut [usize; N]) -> usize {
    |        ^^^^^^^^

warning: enum `SemaphoreError` is never used
 --> src\sync\semaphore.rs:8:10
  |
8 | pub enum SemaphoreError {
  |          ^^^^^^^^^^^^^^

warning: struct `Semaphore` is never constructed
  --> src\sync\semaphore.rs:15:12
   |
15 | pub struct Semaphore<const N: usize> {
   |            ^^^^^^^^^

warning: associated items `new`, `available`, `max`, `try_acquire`, `release`, and `acquire` are never used
  --> src\sync\semaphore.rs:20:18
   |
19 | impl<const N: usize> Semaphore<N> {
   | --------------------------------- associated items in this implementation
20 |     pub const fn new(initial: u32, max: u32) -> Self {
   |                  ^^^
...
27 |     pub fn available(&self) -> u32 {
   |            ^^^^^^^^^
...
31 |     pub fn max(&self) -> u32 {
   |            ^^^
...
36 |     pub fn try_acquire(&self) -> bool {
   |            ^^^^^^^^^^^
...
49 |     pub fn release(&self) -> bool {
   |            ^^^^^^^
...
80 |     pub fn acquire(&self, timeout_ms: Option<u32>) -> Result<(), SemaphoreError> {
   |            ^^^^^^^

warning: struct `SemaphoreInner` is never constructed
   --> src\sync\semaphore.rs:139:8
    |
139 | struct SemaphoreInner<const N: usize> {
    |        ^^^^^^^^^^^^^^

warning: associated function `new` is never used
   --> src\sync\semaphore.rs:147:14
    |
146 | impl<const N: usize> SemaphoreInner<N> {
    | -------------------------------------- associated function in this implementation
147 |     const fn new(initial: u32, max: u32) -> Self {
    |              ^^^

warning: enum `AcquireDecision` is never used
   --> src\sync\semaphore.rs:157:6
    |
157 | enum AcquireDecision {
    |      ^^^^^^^^^^^^^^^

warning: struct `WaitQueue` is never constructed
   --> src\sync\semaphore.rs:163:8
    |
163 | struct WaitQueue<const N: usize> {
    |        ^^^^^^^^^

warning: associated items `new`, `push`, `pop`, and `remove` are never used
   --> src\sync\semaphore.rs:169:14
    |
168 | impl<const N: usize> WaitQueue<N> {
    | --------------------------------- associated items in this implementation
169 |     const fn new() -> Self {
    |              ^^^
...
176 |     fn push(&mut self, pid: usize) -> bool {
    |        ^^^^
...
190 |     fn pop(&mut self) -> Option<usize> {
    |        ^^^
...
203 |     fn remove(&mut self, pid: usize) -> bool {
    |        ^^^^^^

warning: struct `TaskDiagnostics` is never constructed
 --> src\task\diagnostics.rs:4:12
  |
4 | pub struct TaskDiagnostics {
  |            ^^^^^^^^^^^^^^^

warning: variant `Brownout` is never constructed
  --> src\task\diagnostics.rs:31:5
   |
23 | pub enum ResetReason {
   |          ----------- variant in this enum
...
31 |     Brownout,
   |     ^^^^^^^^
   |
   = note: `ResetReason` has derived impls for the traits `Clone` and `Debug`, but these are intentionally ignored during dead code analysis

warning: struct `SystemHealth` is never constructed
  --> src\task\diagnostics.rs:51:12
   |
51 | pub struct SystemHealth {
   |            ^^^^^^^^^^^^

warning: struct `TraceCounters` is never constructed
  --> src\task\diagnostics.rs:68:12
   |
68 | pub struct TraceCounters {
   |            ^^^^^^^^^^^^^

warning: variants `TaskCreate`, `TaskSleep`, `TaskBlock`, `TaskDelete`, and `PriorityUpdate` are never constructed
  --> src\task\diagnostics.rs:82:5
   |
81 | pub enum TraceEventKind {
   |          -------------- variants in this enum
82 |     TaskCreate,
   |     ^^^^^^^^^^
83 |     ContextSwitch,
84 |     TaskSleep,
   |     ^^^^^^^^^
85 |     TaskBlock,
   |     ^^^^^^^^^
86 |     TaskUnblock,
87 |     TaskDelete,
   |     ^^^^^^^^^^
88 |     TimeoutExpire,
89 |     PriorityUpdate,
   |     ^^^^^^^^^^^^^^
   |
   = note: `TraceEventKind` has derived impls for the traits `Clone` and `Debug`, but these are intentionally ignored during dead code analysis

warning: constant `IDLE_STACK_WORDS` is never used
  --> src\task\scheduler.rs:24:7
   |
24 | const IDLE_STACK_WORDS: usize = 128;
   |       ^^^^^^^^^^^^^^^^

warning: constant `IDLE_PRIORITY` is never used
  --> src\task\scheduler.rs:25:7
   |
25 | const IDLE_PRIORITY: u8 = (MAX_PRIORITY - 1) as u8;
   |       ^^^^^^^^^^^^^

warning: constant `STACK_SENTINEL` is never used
  --> src\task\scheduler.rs:26:7
   |
26 | const STACK_SENTINEL: u32 = 0xA5A5_F00D;
   |       ^^^^^^^^^^^^^^

warning: struct `AlignedStack` is never constructed
  --> src\task\scheduler.rs:29:8
   |
29 | struct AlignedStack<const N: usize>([u32; N]);
   |        ^^^^^^^^^^^^

warning: static `IDLE_STACK` is never used
  --> src\task\scheduler.rs:31:12
   |
31 | static mut IDLE_STACK: AlignedStack<IDLE_STACK_WORDS> = AlignedStack([0; IDLE_STACK_WORDS]);
   |            ^^^^^^^^^^

warning: method `clear` is never used
  --> src\task\scheduler.rs:57:8
   |
48 | impl ReadyQueues {
   | ---------------- method in this implementation
...
57 |     fn clear(&mut self) {
   |        ^^^^^

warning: method `clear` is never used
  --> src\task\scheduler.rs:79:8
   |
70 | impl TimeoutWheel {
   | ----------------- method in this implementation
...
79 |     fn clear(&mut self, now: u32) {
   |        ^^^^^

warning: methods `reset` and `snapshot` are never used
   --> src\task\scheduler.rs:124:8
    |
109 | impl TraceCounterSet {
    | -------------------- methods in this implementation
...
124 |     fn reset(&self) {
    |        ^^^^^
...
136 |     fn snapshot(&self) -> TraceCounters {
    |        ^^^^^^^^

warning: function `init` is never used
   --> src\task\scheduler.rs:158:8
    |
158 | pub fn init() {
    |        ^^^^

warning: function `current_pid` is never used
   --> src\task\scheduler.rs:178:8
    |
178 | pub fn current_pid() -> Option<usize> {
    |        ^^^^^^^^^^^

warning: function `list_tasks` is never used
   --> src\task\scheduler.rs:183:8
    |
183 | pub fn list_tasks(buffer: &mut [usize]) -> usize {
    |        ^^^^^^^^^^

warning: function `task_diagnostics` is never used
   --> src\task\scheduler.rs:199:8
    |
199 | pub fn task_diagnostics(pid: usize) -> Option<TaskDiagnostics> {
    |        ^^^^^^^^^^^^^^^^

warning: function `register_task_heartbeat` is never used
   --> src\task\scheduler.rs:231:8
    |
231 | pub fn register_task_heartbeat(pid: usize, timeout_ms: u32) -> bool {
    |        ^^^^^^^^^^^^^^^^^^^^^^^

warning: function `register_current_heartbeat` is never used
   --> src\task\scheduler.rs:248:8
    |
248 | pub fn register_current_heartbeat(timeout_ms: u32) -> bool {
    |        ^^^^^^^^^^^^^^^^^^^^^^^^^^

warning: function `task_heartbeat` is never used
   --> src\task\scheduler.rs:254:8
    |
254 | pub fn task_heartbeat() -> bool {
    |        ^^^^^^^^^^^^^^

warning: function `trace_counters` is never used
   --> src\task\scheduler.rs:274:8
    |
274 | pub fn trace_counters() -> TraceCounters {
    |        ^^^^^^^^^^^^^^

warning: function `clear_trace_counters` is never used
   --> src\task\scheduler.rs:278:8
    |
278 | pub fn clear_trace_counters() {
    |        ^^^^^^^^^^^^^^^^^^^^

warning: function `set_trace_hook` is never used
   --> src\task\scheduler.rs:282:8
    |
282 | pub fn set_trace_hook(hook: Option<TraceHook>) {
    |        ^^^^^^^^^^^^^^

warning: function `task_priority` is never used
   --> src\task\scheduler.rs:287:8
    |
287 | pub fn task_priority(pid: usize) -> Option<u8> {
    |        ^^^^^^^^^^^^^

warning: function `current_priority` is never used
   --> src\task\scheduler.rs:298:8
    |
298 | pub fn current_priority() -> Option<u8> {
    |        ^^^^^^^^^^^^^^^^

warning: function `create_task` is never used
   --> src\task\scheduler.rs:348:8
    |
348 | pub fn create_task(
    |        ^^^^^^^^^^^

warning: function `tick` is never used
   --> src\task\scheduler.rs:393:8
    |
393 | pub fn tick() {
    |        ^^^^

warning: function `start_first_task` is never used
   --> src\task\scheduler.rs:474:8
    |
474 | pub fn start_first_task() -> ! {
    |        ^^^^^^^^^^^^^^^^

warning: function `sleep_ms` is never used
   --> src\task\scheduler.rs:628:8
    |
628 | pub fn sleep_ms(ms: u32) {
    |        ^^^^^^^^

warning: function `block_current` is never used
   --> src\task\scheduler.rs:653:8
    |
653 | pub fn block_current(timeout_ms: Option<u32>) {
    |        ^^^^^^^^^^^^^

warning: function `delete_task` is never used
   --> src\task\scheduler.rs:725:8
    |
725 | pub fn delete_task(pid: usize) -> bool {
    |        ^^^^^^^^^^^

warning: function `exit_current` is never used
   --> src\task\scheduler.rs:777:8
    |
777 | pub fn exit_current() -> ! {
    |        ^^^^^^^^^^^^

warning: function `set_priority` is never used
   --> src\task\scheduler.rs:786:8
    |
786 | pub fn set_priority(pid: usize, new_prio: u8) -> bool {
    |        ^^^^^^^^^^^^

warning: function `add_priority_boost` is never used
   --> src\task\scheduler.rs:827:8
    |
827 | pub fn add_priority_boost(pid: usize, boost_prio: u8) -> bool {
    |        ^^^^^^^^^^^^^^^^^^

warning: function `remove_priority_boost` is never used
   --> src\task\scheduler.rs:860:8
    |
860 | pub fn remove_priority_boost(pid: usize, boost_prio: u8) -> bool {
    |        ^^^^^^^^^^^^^^^^^^^^^

warning: function `effective_priority` is never used
   --> src\task\scheduler.rs:903:4
    |
903 | fn effective_priority(task: &Tcb) -> u8 {
    |    ^^^^^^^^^^^^^^^^^^

warning: function `update_effective_priority_locked` is never used
   --> src\task\scheduler.rs:914:4
    |
914 | fn update_effective_priority_locked(
    |    ^^^^^^^^^^^^^^^^^^^^^^^^^^^^^^^^

warning: function `timeout_delay_ticks` is never used
    --> src\task\scheduler.rs:1075:4
     |
1075 | fn timeout_delay_ticks(ms: u32) -> u32 {
     |    ^^^^^^^^^^^^^^^^^^^

warning: function `timeout_push` is never used
    --> src\task\scheduler.rs:1086:4
     |
1086 | fn timeout_push(
     |    ^^^^^^^^^^^^

warning: function `fill_stack_pattern` is never used
    --> src\task\scheduler.rs:1321:4
     |
1321 | fn fill_stack_pattern(stack: &mut [u32]) {
     |    ^^^^^^^^^^^^^^^^^^

warning: function `stack_size_words` is never used
    --> src\task\scheduler.rs:1336:4
     |
1336 | fn stack_size_words(task: &Tcb) -> usize {
     |    ^^^^^^^^^^^^^^^^

warning: function `stack_free_low_water_words` is never used
    --> src\task\scheduler.rs:1341:4
     |
1341 | fn stack_free_low_water_words(task: &Tcb) -> usize {
     |    ^^^^^^^^^^^^^^^^^^^^^^^^^^

warning: function `init_idle_task` is never used
    --> src\task\scheduler.rs:1354:4
     |
1354 | fn init_idle_task(tasks: &mut [Option<Tcb>; MAX_TASKS], _ready_queues: &mut ReadyQueues) {
     |    ^^^^^^^^^^^^^^

warning: function `idle_task` is never used
    --> src\task\scheduler.rs:1388:4
     |
1388 | fn idle_task(_arg: usize) -> ! {
     |    ^^^^^^^^^

warning: constant `INITIAL_XPSR` is never used
    --> src\task\scheduler.rs:1406:7
     |
1406 | const INITIAL_XPSR: u32 = 0x0100_0000;
     |       ^^^^^^^^^^^^

warning: function `task_exit_trap` is never used
    --> src\task\scheduler.rs:1434:4
     |
1434 | fn task_exit_trap() -> ! {
     |    ^^^^^^^^^^^^^^

warning: function `init_stack_frame` is never used
    --> src\task\scheduler.rs:1438:4
     |
1438 | fn init_stack_frame(
     |    ^^^^^^^^^^^^^^^^

warning: variants `Blocked` and `Sleeping` are never constructed
 --> src\task\tcb.rs:7:5
  |
4 | pub enum TaskState {
  |          --------- variants in this enum
...
7 |     Blocked,
  |     ^^^^^^^
8 |     Sleeping,
  |     ^^^^^^^^
  |
  = note: `TaskState` has derived impls for the traits `Clone` and `Debug`, but these are intentionally ignored during dead code analysis

warning: associated function `init` is never used
  --> src\task\tcb.rs:41:12
   |
39 | impl Tcb {
   | -------- associated function in this implementation
40 |     /// Initialize a task control block in the ready state.
41 |     pub fn init(
   |            ^^^^

warning: function `init` is never used
  --> src\timer\soft_timer.rs:25:8
   |
25 | pub fn init() {
   |        ^^^^

warning: function `start_oneshot` is never used
  --> src\timer\soft_timer.rs:35:8
   |
35 | pub fn start_oneshot(delay_ms: u32, callback: TimerCallback, arg: usize) -> Option<usize> {
   |        ^^^^^^^^^^^^^

warning: function `start_periodic` is never used
  --> src\timer\soft_timer.rs:39:8
   |
39 | pub fn start_periodic(period_ms: u32, callback: TimerCallback, arg: usize) -> Option<usize> {
   |        ^^^^^^^^^^^^^^

warning: function `cancel` is never used
  --> src\timer\soft_timer.rs:46:8
   |
46 | pub fn cancel(handle: usize) -> bool {
   |        ^^^^^^

warning: function `dispatch` is never used
  --> src\timer\soft_timer.rs:85:8
   |
85 | pub fn dispatch() {
   |        ^^^^^^^^

warning: function `start_internal` is never used
  --> src\timer\soft_timer.rs:95:4
   |
95 | fn start_internal(
   |    ^^^^^^^^^^^^^^

warning: field `head` is never read
   --> src\timer\soft_timer.rs:136:5
    |
134 | struct PendingQueue {
    |        ------------ field in this struct
135 |     buf: [Option<(TimerCallback, usize)>; MAX_PENDING],
136 |     head: usize,
    |     ^^^^

warning: methods `clear` and `pop` are never used
   --> src\timer\soft_timer.rs:151:8
    |
141 | impl PendingQueue {
    | ----------------- methods in this implementation
...
151 |     fn clear(&mut self) {
    |        ^^^^^
...
167 |     fn pop(&mut self) -> Option<(TimerCallback, usize)> {
    |        ^^^

warning: constant `TICK_HZ` is never used
 --> src\timer\systick.rs:4:11
  |
4 | pub const TICK_HZ: u32 = 1_000;
  |           ^^^^^^^

warning: function `ms_to_ticks` is never used
  --> src\timer\systick.rs:19:8
   |
19 | pub fn ms_to_ticks(ms: u32) -> u32 {
   |        ^^^^^^^^^^^

warning: function `ticks_to_ms` is never used
  --> src\timer\systick.rs:29:8
   |
29 | pub fn ticks_to_ms(ticks: u32) -> u32 {
   |        ^^^^^^^^^^^

warning: function `delay_ms` is never used
  --> src\timer\systick.rs:38:8
   |
38 | pub fn delay_ms(ms: u32) {
   |        ^^^^^^^^

warning: `CortexOS` (bin "CortexOS") generated 223 warnings
    Finished `release` profile [optimized + debuginfo] target(s) in 1.08s
