warning: unused import: `stm32f1::stm32f103 as _`
 --> src\uart_probe.rs:7:5
  |
7 | use stm32f1::stm32f103 as _;
  |     ^^^^^^^^^^^^^^^^^^^^^^^
  |
  = note: `#[warn(unused_imports)]` (part of `#[warn(unused)]`) on by default

warning: unreachable expression
  --> src\main.rs:83:9
   |
83 |         return uart_probe::run();
   |         ^^^^^^^-----------------
   |         |      |
   |         |      any code following this expression is unreachable
   |         unreachable expression
   |
   = note: `#[warn(unreachable_code)]` (part of `#[warn(unused)]`) on by default

warning: struct `AlignedStack` is never constructed
  --> src\main.rs:46:8
   |
46 | struct AlignedStack<const N: usize>([u32; N]);
   |        ^^^^^^^^^^^^
   |
   = note: `#[warn(dead_code)]` (part of `#[warn(unused)]`) on by default

warning: `CortexOS` (bin "CortexOS") generated 3 warnings (run `cargo fix --bin "CortexOS" -p CortexOS` to apply 1 suggestion)
    Finished `release` profile [optimized + debuginfo] target(s) in 0.52s
